#
# There is insufficient memory for the Java Runtime Environment to continue.
# Native memory allocation (malloc) failed to allocate 1048576 bytes for AllocateHeap
# Possible reasons:
#   The system is out of physical RAM or swap space
#   The process is running with CompressedOops enabled, and the Java Heap may be blocking the growth of the native heap
# Possible solutions:
#   Reduce memory load on the system
#   Increase physical memory or swap space
#   Check if swap backing store is full
#   Decrease Java heap size (-Xmx/-Xms)
#   Decrease number of Java threads
#   Decrease Java thread stack sizes (-Xss)
#   Set larger code cache with -XX:ReservedCodeCacheSize=
#   JVM is running with Unscaled Compressed Oops mode in which the Java heap is
#     placed in the first 4GB address space. The Java Heap base address is the
#     maximum limit for the native heap growth. Please use -XX:HeapBaseMinAddress
#     to set the Java Heap base and to place the Java Heap above 4GB virtual address.
# This output file may be truncated or incomplete.
#
#  Out of Memory Error (c:/BuildAgent/work/5ff2f6c26000d570/src/hotspot/share/memory/allocation.cpp:46), pid=11876, tid=4716
#
# JRE version: OpenJDK Runtime Environment (11.0.6+8) (build 11.0.6+8-b520.43)
# Java VM: OpenJDK 64-Bit Server VM (11.0.6+8-b520.43, mixed mode, tiered, compressed oops, g1 gc, windows-amd64)
# No core dump will be written. Minidumps are not enabled by default on client versions of Windows
#

---------------  S U M M A R Y ------------

Command Line: -XX:TieredStopAtLevel=1 -Xverify:none -Dspring.output.ansi.enabled=always -Dcom.sun.management.jmxremote -Dspring.jmx.enabled=true -Dspring.liveBeansView.mbeanDomain -Dspring.application.admin.enabled=true -javaagent:C:\Program Files\JetBrains\IntelliJ IDEA 2019.3.3\lib\idea_rt.jar=51283:C:\Program Files\JetBrains\IntelliJ IDEA 2019.3.3\bin -Dfile.encoding=UTF-8 com.demosocket.manager.EliteDangerousFactionManagerApplication

Host: Intel(R) Core(TM) i5-8265U CPU @ 1.60GHz, 8 cores, 7G,  Windows 10 , 64 bit Build 18362 (10.0.18362.778)
Time: Wed Apr 22 11:52:38 2020 Aaea?onu (ceia) elapsed time: 5 seconds (0d 0h 0m 5s)

---------------  T H R E A D  ---------------

Current thread (0x00000154adb5e000):  VMThread "VM Thread" [stack: 0x000000086be00000,0x000000086bf00000] [id=4716]

Stack: [0x000000086be00000,0x000000086bf00000]
[error occurred during error reporting (printing stack bounds), id 0xc0000005, EXCEPTION_ACCESS_VIOLATION (0xc0000005) at pc=0x0000015497370dad]

Native frames: (J=compiled Java code, j=interpreted, Vv=VM code, C=native code)
V  [jvm.dll+0x5de31a]
V  [jvm.dll+0x710ae5]
V  [jvm.dll+0x712005]
V  [jvm.dll+0x712615]
V  [jvm.dll+0x7125cb]
V  [jvm.dll+0x5dd798]
V  [jvm.dll+0x5ddf08]
C  [ntdll.dll+0xa11cf]
C  [ntdll.dll+0x6a209]
C  [ntdll.dll+0x9fe3e]
C  0x0000015497370dad

VM_Operation (0x000000086b8f9f90): CollectForMetadataAllocation, mode: safepoint, requested by thread 0x00000154932b8800


---------------  P R O C E S S  ---------------

Threads class SMR info:
_java_thread_list=0x00000154b0582f00, length=16, elements={
0x00000154932b8800, 0x00000154adb82000, 0x00000154adb83000, 0x00000154ae3e2800,
0x00000154ae3e4000, 0x00000154ae3e7000, 0x00000154ae3f3000, 0x00000154adb17000,
0x00000154aea0e800, 0x00000154aea0f800, 0x00000154aec14800, 0x00000154aed3f800,
0x00000154afb94000, 0x00000154b05f8800, 0x00000154b066e800, 0x00000154b05af000
}

Java Threads: ( => current thread )
  0x00000154932b8800 JavaThread "main" [_thread_blocked, id=12052, stack(0x000000086b800000,0x000000086b900000)]
  0x00000154adb82000 JavaThread "Reference Handler" daemon [_thread_blocked, id=928, stack(0x000000086bf00000,0x000000086c000000)]
  0x00000154adb83000 JavaThread "Finalizer" daemon [_thread_blocked, id=9972, stack(0x000000086c000000,0x000000086c100000)]
  0x00000154ae3e2800 JavaThread "Signal Dispatcher" daemon [_thread_blocked, id=6440, stack(0x000000086c100000,0x000000086c200000)]
  0x00000154ae3e4000 JavaThread "Attach Listener" daemon [_thread_blocked, id=764, stack(0x000000086c200000,0x000000086c300000)]
  0x00000154ae3e7000 JavaThread "C1 CompilerThread0" daemon [_thread_blocked, id=9148, stack(0x000000086c300000,0x000000086c400000)]
  0x00000154ae3f3000 JavaThread "Sweeper thread" daemon [_thread_blocked, id=6580, stack(0x000000086c400000,0x000000086c500000)]
  0x00000154adb17000 JavaThread "Common-Cleaner" daemon [_thread_blocked, id=2684, stack(0x000000086c500000,0x000000086c600000)]
  0x00000154aea0e800 JavaThread "Monitor Ctrl-Break" daemon [_thread_in_native, id=2472, stack(0x000000086c600000,0x000000086c700000)]
  0x00000154aea0f800 JavaThread "Service Thread" daemon [_thread_blocked, id=2512, stack(0x000000086c700000,0x000000086c800000)]
  0x00000154aec14800 JavaThread "RMI TCP Accept-0" daemon [_thread_in_native, id=6272, stack(0x000000086c800000,0x000000086c900000)]
  0x00000154aed3f800 JavaThread "RMI TCP Connection(1)-192.168.100.2" daemon [_thread_blocked, id=11748, stack(0x000000086ce00000,0x000000086cf00000)]
  0x00000154afb94000 JavaThread "RMI Scheduler(0)" daemon [_thread_blocked, id=11784, stack(0x000000086cf00000,0x000000086d000000)]
  0x00000154b05f8800 JavaThread "Catalina-utility-1" [_thread_blocked, id=11740, stack(0x000000086d200000,0x000000086d300000)]
  0x00000154b066e800 JavaThread "Catalina-utility-2" [_thread_blocked, id=7308, stack(0x000000086d300000,0x000000086d400000)]
  0x00000154b05af000 JavaThread "container-0" [_thread_blocked, id=9408, stack(0x000000086cd00000,0x000000086ce00000)]

Other Threads:
=>0x00000154adb5e000 VMThread "VM Thread" [stack: 0x000000086be00000,0x000000086bf00000] [id=4716]
  0x00000154aec04800 WatcherThread [stack: 0x000000086c900000,0x000000086ca00000] [id=2328]
  0x00000154932d2000 GCTaskThread "GC Thread#0" [stack: 0x000000086b900000,0x000000086ba00000] [id=6224]
  0x00000154aed5f000 GCTaskThread "GC Thread#1" [stack: 0x000000086ca00000,0x000000086cb00000] [id=32]
  0x00000154aee72800 GCTaskThread "GC Thread#2" [stack: 0x000000086cb00000,0x000000086cc00000] [id=2764]
  0x00000154afc8f800 GCTaskThread "GC Thread#3" [stack: 0x000000086d000000,0x000000086d100000] [id=3268]
  0x00000154b0699000 GCTaskThread "GC Thread#4" [stack: 0x000000086d500000,0x000000086d600000] [id=5936]
  0x00000154b06bc000 GCTaskThread "GC Thread#5" [stack: 0x000000086d600000,0x000000086d700000] [id=7116]
  0x00000154b0839800 GCTaskThread "GC Thread#6" [stack: 0x000000086d700000,0x000000086d800000] [id=11860]
  0x00000154b083a000 GCTaskThread "GC Thread#7" [stack: 0x000000086d800000,0x000000086d900000] [id=1264]
  0x00000154932fd800 ConcurrentGCThread "G1 Main Marker" [stack: 0x000000086ba00000,0x000000086bb00000] [id=6996]
  0x00000154932ff800 ConcurrentGCThread "G1 Conc#0" [stack: 0x000000086bb00000,0x000000086bc00000] [id=6284]
  0x00000154afc1d000 ConcurrentGCThread "G1 Conc#1" [stack: 0x000000086d100000,0x000000086d200000] [id=11104]
  0x00000154ad9c4800 ConcurrentGCThread "G1 Refine#0" [stack: 0x000000086bc00000,0x000000086bd00000] [id=3524]
  0x00000154ae8d8800 ConcurrentGCThread "G1 Refine#1" [stack: 0x000000086cc00000,0x000000086cd00000] [id=7068]
  0x00000154ad9c5000 ConcurrentGCThread "G1 Young RemSet Sampling" [stack: 0x000000086bd00000,0x000000086be00000] [id=11984]

Threads with active compile tasks:

VM state:at safepoint (normal execution)

VM Mutex/Monitor currently owned by a thread:  ([mutex/lock_event])
[0x00000154932b4890] Threads_lock - owner thread: 0x00000154adb5e000
[0x00000154932b4f50] Heap_lock - owner thread: 0x00000154932b8800

Heap address: 0x0000000082e00000, size: 2002 MB, Compressed Oops mode: 32-bit
Narrow klass base: 0x0000000000000000, Narrow klass shift: 3
Compressed class space size: 1073741824 Address: 0x0000000100000000

Heap:
 garbage-first heap   total 155648K, used 18749K [0x0000000082e00000, 0x0000000100000000)
  region size 1024K, 6 young (6144K), 6 survivors (6144K)
 Metaspace       used 47069K, capacity 48387K, committed 48512K, reserved 1103872K
  class space    used 6185K, capacity 6709K, committed 6784K, reserved 1048576K
Heap Regions: E=young(eden), S=young(survivor), O=old, HS=humongous(starts), HC=humongous(continues), CS=collection set, F=free, A=archive, TAMS=top-at-mark-start (previous, next)
|   0|0x0000000082e00000, 0x0000000082f00000, 0x0000000082f00000|100%|HS|  |TAMS 0x0000000082f00000, 0x0000000082f00000| Complete 
|   1|0x0000000082f00000, 0x0000000083000000, 0x0000000083000000|100%| O|  |TAMS 0x0000000083000000, 0x0000000083000000| Untracked 
|   2|0x0000000083000000, 0x0000000083100000, 0x0000000083100000|100%| O|  |TAMS 0x0000000083100000, 0x0000000083100000| Untracked 
|   3|0x0000000083100000, 0x0000000083200000, 0x0000000083200000|100%| O|  |TAMS 0x0000000083200000, 0x0000000083200000| Untracked 
|   4|0x0000000083200000, 0x0000000083300000, 0x0000000083300000|100%| O|  |TAMS 0x0000000083300000, 0x0000000083300000| Untracked 
|   5|0x0000000083300000, 0x0000000083400000, 0x0000000083400000|100%| O|  |TAMS 0x0000000083400000, 0x0000000083400000| Untracked 
|   6|0x0000000083400000, 0x0000000083500000, 0x0000000083500000|100%| O|  |TAMS 0x0000000083500000, 0x0000000083500000| Untracked 
|   7|0x0000000083500000, 0x0000000083600000, 0x0000000083600000|100%| O|  |TAMS 0x0000000083589400, 0x0000000083600000| Untracked 
|   8|0x0000000083600000, 0x0000000083700000, 0x0000000083700000|100%| O|  |TAMS 0x0000000083600000, 0x0000000083700000| Untracked 
|   9|0x0000000083700000, 0x0000000083800000, 0x0000000083800000|100%| O|  |TAMS 0x0000000083700000, 0x0000000083800000| Untracked 
|  10|0x0000000083800000, 0x0000000083900000, 0x0000000083900000|100%| O|  |TAMS 0x0000000083800000, 0x0000000083900000| Untracked 
|  11|0x0000000083900000, 0x0000000083a00000, 0x0000000083a00000|100%| O|  |TAMS 0x0000000083900000, 0x0000000083a00000| Untracked 
|  12|0x0000000083a00000, 0x0000000083a4f400, 0x0000000083b00000| 30%| O|  |TAMS 0x0000000083a00000, 0x0000000083a4f400| Untracked 
|  13|0x0000000083b00000, 0x0000000083b00000, 0x0000000083c00000|  0%| F|  |TAMS 0x0000000083b00000, 0x0000000083b00000| Untracked 
|  14|0x0000000083c00000, 0x0000000083c00000, 0x0000000083d00000|  0%| F|  |TAMS 0x0000000083c00000, 0x0000000083c00000| Untracked 
|  15|0x0000000083d00000, 0x0000000083d00000, 0x0000000083e00000|  0%| F|  |TAMS 0x0000000083d00000, 0x0000000083d00000| Untracked 
|  16|0x0000000083e00000, 0x0000000083e00000, 0x0000000083f00000|  0%| F|  |TAMS 0x0000000083e00000, 0x0000000083e00000| Untracked 
|  17|0x0000000083f00000, 0x0000000083f00000, 0x0000000084000000|  0%| F|  |TAMS 0x0000000083f00000, 0x0000000083f00000| Untracked 
|  18|0x0000000084000000, 0x0000000084000000, 0x0000000084100000|  0%| F|  |TAMS 0x0000000084000000, 0x0000000084000000| Untracked 
|  19|0x0000000084100000, 0x0000000084100000, 0x0000000084200000|  0%| F|  |TAMS 0x0000000084100000, 0x0000000084100000| Untracked 
|  20|0x0000000084200000, 0x0000000084200000, 0x0000000084300000|  0%| F|  |TAMS 0x0000000084200000, 0x0000000084200000| Untracked 
|  21|0x0000000084300000, 0x0000000084300000, 0x0000000084400000|  0%| F|  |TAMS 0x0000000084300000, 0x0000000084300000| Untracked 
|  22|0x0000000084400000, 0x0000000084400000, 0x0000000084500000|  0%| F|  |TAMS 0x0000000084400000, 0x0000000084400000| Untracked 
|  23|0x0000000084500000, 0x0000000084500000, 0x0000000084600000|  0%| F|  |TAMS 0x0000000084500000, 0x0000000084500000| Untracked 
|  24|0x0000000084600000, 0x0000000084600000, 0x0000000084700000|  0%| F|  |TAMS 0x0000000084600000, 0x0000000084600000| Untracked 
|  25|0x0000000084700000, 0x0000000084700000, 0x0000000084800000|  0%| F|  |TAMS 0x0000000084700000, 0x0000000084700000| Untracked 
|  26|0x0000000084800000, 0x0000000084800000, 0x0000000084900000|  0%| F|  |TAMS 0x0000000084800000, 0x0000000084800000| Untracked 
|  27|0x0000000084900000, 0x0000000084900000, 0x0000000084a00000|  0%| F|  |TAMS 0x0000000084900000, 0x0000000084900000| Untracked 
|  28|0x0000000084a00000, 0x0000000084a00000, 0x0000000084b00000|  0%| F|  |TAMS 0x0000000084a00000, 0x0000000084a00000| Untracked 
|  29|0x0000000084b00000, 0x0000000084b00000, 0x0000000084c00000|  0%| F|  |TAMS 0x0000000084b00000, 0x0000000084b00000| Untracked 
|  30|0x0000000084c00000, 0x0000000084c00000, 0x0000000084d00000|  0%| F|  |TAMS 0x0000000084c00000, 0x0000000084c00000| Untracked 
|  31|0x0000000084d00000, 0x0000000084d00000, 0x0000000084e00000|  0%| F|  |TAMS 0x0000000084d00000, 0x0000000084d00000| Untracked 
|  32|0x0000000084e00000, 0x0000000084e00000, 0x0000000084f00000|  0%| F|  |TAMS 0x0000000084e00000, 0x0000000084e00000| Untracked 
|  33|0x0000000084f00000, 0x0000000084f00000, 0x0000000085000000|  0%| F|  |TAMS 0x0000000084f00000, 0x0000000084f00000| Untracked 
|  34|0x0000000085000000, 0x0000000085000000, 0x0000000085100000|  0%| F|  |TAMS 0x0000000085000000, 0x0000000085000000| Untracked 
|  35|0x0000000085100000, 0x0000000085100000, 0x0000000085200000|  0%| F|  |TAMS 0x0000000085100000, 0x0000000085100000| Untracked 
|  36|0x0000000085200000, 0x0000000085200000, 0x0000000085300000|  0%| F|  |TAMS 0x0000000085200000, 0x0000000085200000| Untracked 
|  37|0x0000000085300000, 0x0000000085300000, 0x0000000085400000|  0%| F|  |TAMS 0x0000000085300000, 0x0000000085300000| Untracked 
|  38|0x0000000085400000, 0x0000000085400000, 0x0000000085500000|  0%| F|  |TAMS 0x0000000085400000, 0x0000000085400000| Untracked 
|  39|0x0000000085500000, 0x0000000085500000, 0x0000000085600000|  0%| F|  |TAMS 0x0000000085500000, 0x0000000085500000| Untracked 
|  40|0x0000000085600000, 0x0000000085600000, 0x0000000085700000|  0%| F|  |TAMS 0x0000000085600000, 0x0000000085600000| Untracked 
|  41|0x0000000085700000, 0x0000000085700000, 0x0000000085800000|  0%| F|  |TAMS 0x0000000085700000, 0x0000000085700000| Untracked 
|  42|0x0000000085800000, 0x0000000085800000, 0x0000000085900000|  0%| F|  |TAMS 0x0000000085800000, 0x0000000085800000| Untracked 
|  43|0x0000000085900000, 0x0000000085900000, 0x0000000085a00000|  0%| F|  |TAMS 0x0000000085900000, 0x0000000085900000| Untracked 
|  44|0x0000000085a00000, 0x0000000085a00000, 0x0000000085b00000|  0%| F|  |TAMS 0x0000000085a00000, 0x0000000085a00000| Untracked 
|  45|0x0000000085b00000, 0x0000000085b00000, 0x0000000085c00000|  0%| F|  |TAMS 0x0000000085b00000, 0x0000000085b00000| Untracked 
|  46|0x0000000085c00000, 0x0000000085c00000, 0x0000000085d00000|  0%| F|  |TAMS 0x0000000085c00000, 0x0000000085c00000| Untracked 
|  47|0x0000000085d00000, 0x0000000085d00000, 0x0000000085e00000|  0%| F|  |TAMS 0x0000000085d00000, 0x0000000085d00000| Untracked 
|  48|0x0000000085e00000, 0x0000000085e00000, 0x0000000085f00000|  0%| F|  |TAMS 0x0000000085e00000, 0x0000000085e00000| Untracked 
|  49|0x0000000085f00000, 0x0000000085f00000, 0x0000000086000000|  0%| F|  |TAMS 0x0000000085f00000, 0x0000000085f00000| Untracked 
|  50|0x0000000086000000, 0x0000000086000000, 0x0000000086100000|  0%| F|  |TAMS 0x0000000086000000, 0x0000000086000000| Untracked 
|  51|0x0000000086100000, 0x0000000086100000, 0x0000000086200000|  0%| F|  |TAMS 0x0000000086100000, 0x0000000086100000| Untracked 
|  52|0x0000000086200000, 0x0000000086200000, 0x0000000086300000|  0%| F|  |TAMS 0x0000000086200000, 0x0000000086200000| Untracked 
|  53|0x0000000086300000, 0x0000000086300000, 0x0000000086400000|  0%| F|  |TAMS 0x0000000086300000, 0x0000000086300000| Untracked 
|  54|0x0000000086400000, 0x0000000086400000, 0x0000000086500000|  0%| F|  |TAMS 0x0000000086400000, 0x0000000086400000| Untracked 
|  55|0x0000000086500000, 0x0000000086500000, 0x0000000086600000|  0%| F|  |TAMS 0x0000000086500000, 0x0000000086500000| Untracked 
|  56|0x0000000086600000, 0x0000000086600000, 0x0000000086700000|  0%| F|  |TAMS 0x0000000086600000, 0x0000000086600000| Untracked 
|  57|0x0000000086700000, 0x0000000086700000, 0x0000000086800000|  0%| F|  |TAMS 0x0000000086700000, 0x0000000086700000| Untracked 
|  58|0x0000000086800000, 0x0000000086800000, 0x0000000086900000|  0%| F|  |TAMS 0x0000000086800000, 0x0000000086800000| Untracked 
|  59|0x0000000086900000, 0x0000000086900000, 0x0000000086a00000|  0%| F|  |TAMS 0x0000000086900000, 0x0000000086900000| Untracked 
|  60|0x0000000086a00000, 0x0000000086a00000, 0x0000000086b00000|  0%| F|  |TAMS 0x0000000086a00000, 0x0000000086a00000| Untracked 
|  61|0x0000000086b00000, 0x0000000086b00000, 0x0000000086c00000|  0%| F|  |TAMS 0x0000000086b00000, 0x0000000086b00000| Untracked 
|  62|0x0000000086c00000, 0x0000000086c00000, 0x0000000086d00000|  0%| F|  |TAMS 0x0000000086c00000, 0x0000000086c00000| Untracked 
|  63|0x0000000086d00000, 0x0000000086d00000, 0x0000000086e00000|  0%| F|  |TAMS 0x0000000086d00000, 0x0000000086d00000| Untracked 
|  64|0x0000000086e00000, 0x0000000086e00000, 0x0000000086f00000|  0%| F|  |TAMS 0x0000000086e00000, 0x0000000086e00000| Untracked 
|  65|0x0000000086f00000, 0x0000000086f00000, 0x0000000087000000|  0%| F|  |TAMS 0x0000000086f00000, 0x0000000086f00000| Untracked 
|  66|0x0000000087000000, 0x0000000087000000, 0x0000000087100000|  0%| F|  |TAMS 0x0000000087000000, 0x0000000087000000| Untracked 
|  67|0x0000000087100000, 0x0000000087100000, 0x0000000087200000|  0%| F|  |TAMS 0x0000000087100000, 0x0000000087100000| Untracked 
|  68|0x0000000087200000, 0x0000000087200000, 0x0000000087300000|  0%| F|  |TAMS 0x0000000087200000, 0x0000000087200000| Untracked 
|  69|0x0000000087300000, 0x0000000087300000, 0x0000000087400000|  0%| F|  |TAMS 0x0000000087300000, 0x0000000087300000| Untracked 
|  70|0x0000000087400000, 0x0000000087400000, 0x0000000087500000|  0%| F|  |TAMS 0x0000000087400000, 0x0000000087400000| Untracked 
|  71|0x0000000087500000, 0x0000000087500000, 0x0000000087600000|  0%| F|  |TAMS 0x0000000087500000, 0x0000000087500000| Untracked 
|  72|0x0000000087600000, 0x0000000087600000, 0x0000000087700000|  0%| F|  |TAMS 0x0000000087600000, 0x0000000087600000| Untracked 
|  73|0x0000000087700000, 0x0000000087700000, 0x0000000087800000|  0%| F|  |TAMS 0x0000000087700000, 0x0000000087700000| Untracked 
|  74|0x0000000087800000, 0x0000000087800000, 0x0000000087900000|  0%| F|  |TAMS 0x0000000087800000, 0x0000000087800000| Untracked 
|  75|0x0000000087900000, 0x0000000087900000, 0x0000000087a00000|  0%| F|  |TAMS 0x0000000087900000, 0x0000000087900000| Untracked 
|  76|0x0000000087a00000, 0x0000000087a00000, 0x0000000087b00000|  0%| F|  |TAMS 0x0000000087a00000, 0x0000000087a00000| Untracked 
|  77|0x0000000087b00000, 0x0000000087b00000, 0x0000000087c00000|  0%| F|  |TAMS 0x0000000087b00000, 0x0000000087b00000| Untracked 
|  78|0x0000000087c00000, 0x0000000087c00000, 0x0000000087d00000|  0%| F|  |TAMS 0x0000000087c00000, 0x0000000087c00000| Untracked 
|  79|0x0000000087d00000, 0x0000000087d00000, 0x0000000087e00000|  0%| F|  |TAMS 0x0000000087d00000, 0x0000000087d00000| Untracked 
|  80|0x0000000087e00000, 0x0000000087e00000, 0x0000000087f00000|  0%| F|  |TAMS 0x0000000087e00000, 0x0000000087e00000| Untracked 
|  81|0x0000000087f00000, 0x0000000087f00000, 0x0000000088000000|  0%| F|  |TAMS 0x0000000087f00000, 0x0000000087f00000| Untracked 
|  82|0x0000000088000000, 0x0000000088000000, 0x0000000088100000|  0%| F|  |TAMS 0x0000000088000000, 0x0000000088000000| Untracked 
|  83|0x0000000088100000, 0x0000000088100000, 0x0000000088200000|  0%| F|  |TAMS 0x0000000088100000, 0x0000000088100000| Untracked 
|  84|0x0000000088200000, 0x0000000088200000, 0x0000000088300000|  0%| F|  |TAMS 0x0000000088200000, 0x0000000088200000| Untracked 
|  85|0x0000000088300000, 0x0000000088300000, 0x0000000088400000|  0%| F|  |TAMS 0x0000000088300000, 0x0000000088300000| Untracked 
|  86|0x0000000088400000, 0x0000000088400000, 0x0000000088500000|  0%| F|  |TAMS 0x0000000088400000, 0x0000000088400000| Untracked 
|  87|0x0000000088500000, 0x0000000088500000, 0x0000000088600000|  0%| F|  |TAMS 0x0000000088500000, 0x0000000088500000| Untracked 
|  88|0x0000000088600000, 0x0000000088600000, 0x0000000088700000|  0%| F|  |TAMS 0x0000000088600000, 0x0000000088600000| Untracked 
|  89|0x0000000088700000, 0x0000000088700000, 0x0000000088800000|  0%| F|  |TAMS 0x0000000088700000, 0x0000000088700000| Untracked 
|  90|0x0000000088800000, 0x0000000088800000, 0x0000000088900000|  0%| F|  |TAMS 0x0000000088800000, 0x0000000088800000| Untracked 
|  91|0x0000000088900000, 0x0000000088900000, 0x0000000088a00000|  0%| F|  |TAMS 0x0000000088900000, 0x0000000088900000| Untracked 
|  92|0x0000000088a00000, 0x0000000088a00000, 0x0000000088b00000|  0%| F|  |TAMS 0x0000000088a00000, 0x0000000088a00000| Untracked 
|  93|0x0000000088b00000, 0x0000000088b00000, 0x0000000088c00000|  0%| F|  |TAMS 0x0000000088b00000, 0x0000000088b00000| Untracked 
|  94|0x0000000088c00000, 0x0000000088c00000, 0x0000000088d00000|  0%| F|  |TAMS 0x0000000088c00000, 0x0000000088c00000| Untracked 
|  95|0x0000000088d00000, 0x0000000088d00000, 0x0000000088e00000|  0%| F|  |TAMS 0x0000000088d00000, 0x0000000088d00000| Untracked 
|  96|0x0000000088e00000, 0x0000000088e00000, 0x0000000088f00000|  0%| F|  |TAMS 0x0000000088e00000, 0x0000000088e00000| Untracked 
|  97|0x0000000088f00000, 0x0000000088f00000, 0x0000000089000000|  0%| F|  |TAMS 0x0000000088f00000, 0x0000000088f00000| Untracked 
|  98|0x0000000089000000, 0x0000000089000000, 0x0000000089100000|  0%| F|  |TAMS 0x0000000089000000, 0x0000000089000000| Untracked 
|  99|0x0000000089100000, 0x0000000089100000, 0x0000000089200000|  0%| F|  |TAMS 0x0000000089100000, 0x0000000089100000| Untracked 
| 100|0x0000000089200000, 0x0000000089200000, 0x0000000089300000|  0%| F|  |TAMS 0x0000000089200000, 0x0000000089200000| Untracked 
| 101|0x0000000089300000, 0x0000000089300000, 0x0000000089400000|  0%| F|  |TAMS 0x0000000089300000, 0x0000000089300000| Untracked 
| 102|0x0000000089400000, 0x0000000089400000, 0x0000000089500000|  0%| F|  |TAMS 0x0000000089400000, 0x0000000089400000| Untracked 
| 103|0x0000000089500000, 0x0000000089500000, 0x0000000089600000|  0%| F|  |TAMS 0x0000000089500000, 0x0000000089500000| Untracked 
| 104|0x0000000089600000, 0x0000000089600000, 0x0000000089700000|  0%| F|  |TAMS 0x0000000089600000, 0x0000000089600000| Untracked 
| 105|0x0000000089700000, 0x0000000089700000, 0x0000000089800000|  0%| F|  |TAMS 0x0000000089700000, 0x0000000089700000| Untracked 
| 106|0x0000000089800000, 0x0000000089800000, 0x0000000089900000|  0%| F|  |TAMS 0x0000000089800000, 0x0000000089800000| Untracked 
| 107|0x0000000089900000, 0x0000000089900000, 0x0000000089a00000|  0%| F|  |TAMS 0x0000000089900000, 0x0000000089900000| Untracked 
| 108|0x0000000089a00000, 0x0000000089a00000, 0x0000000089b00000|  0%| F|  |TAMS 0x0000000089a00000, 0x0000000089a00000| Untracked 
| 109|0x0000000089b00000, 0x0000000089b00000, 0x0000000089c00000|  0%| F|  |TAMS 0x0000000089b00000, 0x0000000089b00000| Untracked 
| 110|0x0000000089c00000, 0x0000000089d00000, 0x0000000089d00000|100%| S|CS|TAMS 0x0000000089c00000, 0x0000000089c00000| Complete 
| 111|0x0000000089d00000, 0x0000000089e00000, 0x0000000089e00000|100%| S|CS|TAMS 0x0000000089d00000, 0x0000000089d00000| Complete 
| 112|0x0000000089e00000, 0x0000000089f00000, 0x0000000089f00000|100%| S|CS|TAMS 0x0000000089e00000, 0x0000000089e00000| Complete 
| 113|0x0000000089f00000, 0x000000008a000000, 0x000000008a000000|100%| S|CS|TAMS 0x0000000089f00000, 0x0000000089f00000| Complete 
| 114|0x000000008a000000, 0x000000008a100000, 0x000000008a100000|100%| S|CS|TAMS 0x000000008a000000, 0x000000008a000000| Complete 
| 115|0x000000008a100000, 0x000000008a200000, 0x000000008a200000|100%| S|CS|TAMS 0x000000008a100000, 0x000000008a100000| Complete 
| 116|0x000000008a200000, 0x000000008a200000, 0x000000008a300000|  0%| F|  |TAMS 0x000000008a200000, 0x000000008a200000| Untracked 
| 117|0x000000008a300000, 0x000000008a300000, 0x000000008a400000|  0%| F|  |TAMS 0x000000008a300000, 0x000000008a300000| Untracked 
| 118|0x000000008a400000, 0x000000008a400000, 0x000000008a500000|  0%| F|  |TAMS 0x000000008a400000, 0x000000008a400000| Untracked 
| 119|0x000000008a500000, 0x000000008a500000, 0x000000008a600000|  0%| F|  |TAMS 0x000000008a500000, 0x000000008a500000| Untracked 
| 120|0x000000008a600000, 0x000000008a600000, 0x000000008a700000|  0%| F|  |TAMS 0x000000008a600000, 0x000000008a600000| Untracked 
| 121|0x000000008a700000, 0x000000008a700000, 0x000000008a800000|  0%| F|  |TAMS 0x000000008a700000, 0x000000008a700000| Untracked 
| 122|0x000000008a800000, 0x000000008a800000, 0x000000008a900000|  0%| F|  |TAMS 0x000000008a800000, 0x000000008a800000| Untracked 
| 123|0x000000008a900000, 0x000000008a900000, 0x000000008aa00000|  0%| F|  |TAMS 0x000000008a900000, 0x000000008a900000| Untracked 
| 124|0x000000008aa00000, 0x000000008aa00000, 0x000000008ab00000|  0%| F|  |TAMS 0x000000008aa00000, 0x000000008aa00000| Untracked 
| 125|0x000000008ab00000, 0x000000008ab00000, 0x000000008ac00000|  0%| F|  |TAMS 0x000000008ab00000, 0x000000008ab00000| Untracked 
| 126|0x000000008ac00000, 0x000000008ac00000, 0x000000008ad00000|  0%| F|  |TAMS 0x000000008ac00000, 0x000000008ac00000| Untracked 
| 127|0x000000008ad00000, 0x000000008ad00000, 0x000000008ae00000|  0%| F|  |TAMS 0x000000008ad00000, 0x000000008ad00000| Untracked 
| 128|0x000000008ae00000, 0x000000008ae00000, 0x000000008af00000|  0%| F|  |TAMS 0x000000008ae00000, 0x000000008ae00000| Untracked 
| 129|0x000000008af00000, 0x000000008af00000, 0x000000008b000000|  0%| F|  |TAMS 0x000000008af00000, 0x000000008af00000| Untracked 
| 130|0x000000008b000000, 0x000000008b000000, 0x000000008b100000|  0%| F|  |TAMS 0x000000008b000000, 0x000000008b000000| Untracked 
| 131|0x000000008b100000, 0x000000008b100000, 0x000000008b200000|  0%| F|  |TAMS 0x000000008b100000, 0x000000008b100000| Untracked 
| 132|0x000000008b200000, 0x000000008b200000, 0x000000008b300000|  0%| F|  |TAMS 0x000000008b200000, 0x000000008b200000| Untracked 
| 133|0x000000008b300000, 0x000000008b300000, 0x000000008b400000|  0%| F|  |TAMS 0x000000008b300000, 0x000000008b300000| Untracked 
| 134|0x000000008b400000, 0x000000008b400000, 0x000000008b500000|  0%| F|  |TAMS 0x000000008b400000, 0x000000008b400000| Untracked 
| 135|0x000000008b500000, 0x000000008b500000, 0x000000008b600000|  0%| F|  |TAMS 0x000000008b500000, 0x000000008b500000| Untracked 
| 136|0x000000008b600000, 0x000000008b600000, 0x000000008b700000|  0%| F|  |TAMS 0x000000008b600000, 0x000000008b600000| Untracked 
| 137|0x000000008b700000, 0x000000008b700000, 0x000000008b800000|  0%| F|  |TAMS 0x000000008b700000, 0x000000008b700000| Untracked 
| 138|0x000000008b800000, 0x000000008b800000, 0x000000008b900000|  0%| F|  |TAMS 0x000000008b800000, 0x000000008b800000| Untracked 
| 139|0x000000008b900000, 0x000000008b900000, 0x000000008ba00000|  0%| F|  |TAMS 0x000000008b900000, 0x000000008b900000| Untracked 
| 140|0x000000008ba00000, 0x000000008ba00000, 0x000000008bb00000|  0%| F|  |TAMS 0x000000008ba00000, 0x000000008ba00000| Untracked 
| 141|0x000000008bb00000, 0x000000008bb00000, 0x000000008bc00000|  0%| F|  |TAMS 0x000000008bb00000, 0x000000008bb00000| Untracked 
| 142|0x000000008bc00000, 0x000000008bc00000, 0x000000008bd00000|  0%| F|  |TAMS 0x000000008bc00000, 0x000000008bc00000| Untracked 
| 143|0x000000008bd00000, 0x000000008bd00000, 0x000000008be00000|  0%| F|  |TAMS 0x000000008bd00000, 0x000000008bd00000| Untracked 
| 144|0x000000008be00000, 0x000000008be00000, 0x000000008bf00000|  0%| F|  |TAMS 0x000000008be00000, 0x000000008be00000| Untracked 
| 145|0x000000008bf00000, 0x000000008bf00000, 0x000000008c000000|  0%| F|  |TAMS 0x000000008bf00000, 0x000000008bf00000| Untracked 
| 146|0x000000008c000000, 0x000000008c000000, 0x000000008c100000|  0%| F|  |TAMS 0x000000008c000000, 0x000000008c000000| Untracked 
| 147|0x000000008c100000, 0x000000008c100000, 0x000000008c200000|  0%| F|  |TAMS 0x000000008c100000, 0x000000008c100000| Untracked 
| 148|0x000000008c200000, 0x000000008c200000, 0x000000008c300000|  0%| F|  |TAMS 0x000000008c200000, 0x000000008c200000| Untracked 
| 149|0x000000008c300000, 0x000000008c300000, 0x000000008c400000|  0%| F|  |TAMS 0x000000008c300000, 0x000000008c300000| Untracked 
| 150|0x000000008c400000, 0x000000008c400000, 0x000000008c500000|  0%| F|  |TAMS 0x000000008c400000, 0x000000008c400000| Untracked 
| 151|0x000000008c500000, 0x000000008c500000, 0x000000008c600000|  0%| F|  |TAMS 0x000000008c500000, 0x000000008c500000| Untracked 

Card table byte_map: [0x00000154a6a90000,0x00000154a6e80000] _byte_map_base: 0x00000154a6679000

Marking Bits (Prev, Next): (CMBitMap*) 0x00000154932f4ba8, (CMBitMap*) 0x00000154932f4be0
 Prev Bits: [0x00000154a7270000, 0x00000154a91b8000)
 Next Bits: [0x00000154a91c0000, 0x00000154ab108000)

Polling page: 0x00000154911e0000

Metaspace:

Usage:
  Non-class:     40.70 MB capacity,    39.93 MB ( 98%) used,   643.93 KB (  2%) free+waste,   149.19 KB ( <1%) overhead. 
      Class:      6.55 MB capacity,     6.04 MB ( 92%) used,   450.90 KB (  7%) free+waste,    73.00 KB (  1%) overhead. 
       Both:     47.25 MB capacity,    45.97 MB ( 97%) used,     1.07 MB (  2%) free+waste,   222.19 KB ( <1%) overhead. 

Virtual space:
  Non-class space:       54.00 MB reserved,      40.75 MB ( 75%) committed 
      Class space:        1.00 GB reserved,       6.63 MB ( <1%) committed 
             Both:        1.05 GB reserved,      47.38 MB (  4%) committed 

Chunk freelists:
   Non-Class:  50.00 KB
       Class:  11.00 KB
        Both:  61.00 KB

MaxMetaspaceSize: 17179869184.00 GB
CompressedClassSpaceSize: 1.00 GB

CodeHeap 'non-profiled nmethods': size=238336Kb used=6124Kb max_used=6124Kb free=232212Kb
 bounds [0x0000015497ab0000, 0x00000154980b0000, 0x00000154a6370000]
CodeHeap 'non-nmethods': size=7424Kb used=1195Kb max_used=1195Kb free=6228Kb
 bounds [0x0000015497370000, 0x00000154975e0000, 0x0000015497ab0000]
 total_blobs=4631 nmethods=3813 adapters=472
 compilation: enabled
              stopped_count=0, restarted_count=0
 full_count=0

Compilation events (20 events):
Event: 5.483 Thread 0x00000154ae3e7000 3801       1       org.hibernate.validator.internal.metadata.aggregated.NonContainerCascadingMetaData::isMarkedForCascadingOnAnnotatedObjectOrContainerElements (5 bytes)
Event: 5.483 Thread 0x00000154ae3e7000 nmethod 3801 0x00000154980a7b90 code [0x00000154980a7d40, 0x00000154980a7e58]
Event: 5.484 Thread 0x00000154ae3e7000 3807       1       org.hibernate.validator.internal.metadata.aggregated.AbstractConstraintMetaData::isCascading (5 bytes)
Event: 5.484 Thread 0x00000154ae3e7000 nmethod 3807 0x00000154980a7f10 code [0x00000154980a80c0, 0x00000154980a81d8]
Event: 5.484 Thread 0x00000154ae3e7000 3806       1       org.hibernate.validator.internal.metadata.raw.AbstractConstrainedElement::getConstraints (5 bytes)
Event: 5.484 Thread 0x00000154ae3e7000 nmethod 3806 0x00000154980a8290 code [0x00000154980a8440, 0x00000154980a8558]
Event: 5.494 Thread 0x00000154ae3e7000 3808       1       org.hibernate.service.spi.ServiceBinding::getService (5 bytes)
Event: 5.494 Thread 0x00000154ae3e7000 nmethod 3808 0x00000154980a8610 code [0x00000154980a87c0, 0x00000154980a88d8]
Event: 5.549 Thread 0x00000154ae3e7000 3809       1       java.beans.Introspector::decapitalize (68 bytes)
Event: 5.550 Thread 0x00000154ae3e7000 nmethod 3809 0x00000154980a8990 code [0x00000154980a8c40, 0x00000154980a94d0]
Event: 5.551 Thread 0x00000154ae3e7000 3810       1       java.lang.invoke.MemberName::equals (24 bytes)
Event: 5.551 Thread 0x00000154ae3e7000 nmethod 3810 0x00000154980a9a10 code [0x00000154980a9bc0, 0x00000154980a9d90]
Event: 5.575 Thread 0x00000154ae3e7000 3811       1       java.util.AbstractList$Itr::hasNext (20 bytes)
Event: 5.575 Thread 0x00000154ae3e7000 nmethod 3811 0x00000154980a9e10 code [0x00000154980a9fc0, 0x00000154980aa130]
Event: 5.621 Thread 0x00000154ae3e7000 3812       1       net.bytebuddy.description.ModifierReviewable$AbstractBase::<init> (5 bytes)
Event: 5.621 Thread 0x00000154ae3e7000 nmethod 3812 0x00000154980aa190 code [0x00000154980aa340, 0x00000154980aa458]
Event: 5.621 Thread 0x00000154ae3e7000 3813   !   1       java.util.AbstractList$Itr::next (45 bytes)
Event: 5.622 Thread 0x00000154ae3e7000 nmethod 3813 0x00000154980aa510 code [0x00000154980aa700, 0x00000154980aaa20]
Event: 5.622 Thread 0x00000154ae3e7000 3814       1       java.util.AbstractList$Itr::checkForComodification (23 bytes)
Event: 5.622 Thread 0x00000154ae3e7000 nmethod 3814 0x00000154980aac10 code [0x00000154980aadc0, 0x00000154980aaf50]

GC Heap History (16 events):
Event: 1.456 GC heap before
{Heap before GC invocations=0 (full 0):
 garbage-first heap   total 129024K, used 24576K [0x0000000082e00000, 0x0000000100000000)
  region size 1024K, 24 young (24576K), 0 survivors (0K)
 Metaspace       used 14282K, capacity 14706K, committed 14976K, reserved 1062912K
  class space    used 1506K, capacity 1628K, committed 1664K, reserved 1048576K
}
Event: 1.464 GC heap after
{Heap after GC invocations=1 (full 0):
 garbage-first heap   total 129024K, used 7599K [0x0000000082e00000, 0x0000000100000000)
  region size 1024K, 3 young (3072K), 3 survivors (3072K)
 Metaspace       used 14282K, capacity 14706K, committed 14976K, reserved 1062912K
  class space    used 1506K, capacity 1628K, committed 1664K, reserved 1048576K
}
Event: 1.648 GC heap before
{Heap before GC invocations=1 (full 0):
 garbage-first heap   total 129024K, used 23983K [0x0000000082e00000, 0x0000000100000000)
  region size 1024K, 19 young (19456K), 3 survivors (3072K)
 Metaspace       used 17983K, capacity 18550K, committed 18688K, reserved 1064960K
  class space    used 1996K, capacity 2228K, committed 2304K, reserved 1048576K
}
Event: 1.656 GC heap after
{Heap after GC invocations=2 (full 0):
 garbage-first heap   total 129024K, used 8832K [0x0000000082e00000, 0x0000000100000000)
  region size 1024K, 2 young (2048K), 2 survivors (2048K)
 Metaspace       used 17983K, capacity 18550K, committed 18688K, reserved 1064960K
  class space    used 1996K, capacity 2228K, committed 2304K, reserved 1048576K
}
Event: 1.820 GC heap before
{Heap before GC invocations=2 (full 0):
 garbage-first heap   total 129024K, used 29312K [0x0000000082e00000, 0x0000000100000000)
  region size 1024K, 23 young (23552K), 2 survivors (2048K)
 Metaspace       used 20466K, capacity 21110K, committed 21248K, reserved 1067008K
  class space    used 2461K, capacity 2720K, committed 2816K, reserved 1048576K
}
Event: 1.823 GC heap after
{Heap after GC invocations=3 (full 0):
 garbage-first heap   total 129024K, used 9754K [0x0000000082e00000, 0x0000000100000000)
  region size 1024K, 2 young (2048K), 2 survivors (2048K)
 Metaspace       used 20466K, capacity 21110K, committed 21248K, reserved 1067008K
  class space    used 2461K, capacity 2720K, committed 2816K, reserved 1048576K
}
Event: 2.273 GC heap before
{Heap before GC invocations=4 (full 0):
 garbage-first heap   total 129024K, used 66074K [0x0000000082e00000, 0x0000000100000000)
  region size 1024K, 58 young (59392K), 2 survivors (2048K)
 Metaspace       used 26298K, capacity 27094K, committed 27136K, reserved 1073152K
  class space    used 3221K, capacity 3549K, committed 3584K, reserved 1048576K
}
Event: 2.280 GC heap after
{Heap after GC invocations=5 (full 0):
 garbage-first heap   total 129024K, used 11338K [0x0000000082e00000, 0x0000000100000000)
  region size 1024K, 4 young (4096K), 4 survivors (4096K)
 Metaspace       used 26298K, capacity 27094K, committed 27136K, reserved 1073152K
  class space    used 3221K, capacity 3549K, committed 3584K, reserved 1048576K
}
Event: 3.076 GC heap before
{Heap before GC invocations=5 (full 0):
 garbage-first heap   total 129024K, used 75850K [0x0000000082e00000, 0x0000000100000000)
  region size 1024K, 68 young (69632K), 4 survivors (4096K)
 Metaspace       used 29393K, capacity 30392K, committed 30464K, reserved 1075200K
  class space    used 3661K, capacity 4045K, committed 4096K, reserved 1048576K
}
Event: 3.087 GC heap after
{Heap after GC invocations=6 (full 0):
 garbage-first heap   total 129024K, used 12837K [0x0000000082e00000, 0x0000000100000000)
  region size 1024K, 5 young (5120K), 5 survivors (5120K)
 Metaspace       used 29393K, capacity 30392K, committed 30464K, reserved 1075200K
  class space    used 3661K, capacity 4045K, committed 4096K, reserved 1048576K
}
Event: 3.873 GC heap before
{Heap before GC invocations=6 (full 0):
 garbage-first heap   total 129024K, used 55845K [0x0000000082e00000, 0x0000000100000000)
  region size 1024K, 48 young (49152K), 5 survivors (5120K)
 Metaspace       used 34672K, capacity 35819K, committed 35840K, reserved 1081344K
  class space    used 4373K, capacity 4845K, committed 4864K, reserved 1048576K
}
Event: 3.897 GC heap after
{Heap after GC invocations=7 (full 0):
 garbage-first heap   total 155648K, used 15765K [0x0000000082e00000, 0x0000000100000000)
  region size 1024K, 8 young (8192K), 8 survivors (8192K)
 Metaspace       used 34672K, capacity 35819K, committed 35840K, reserved 1081344K
  class space    used 4373K, capacity 4845K, committed 4864K, reserved 1048576K
}
Event: 4.748 GC heap before
{Heap before GC invocations=8 (full 0):
 garbage-first heap   total 155648K, used 91541K [0x0000000082e00000, 0x0000000100000000)
  region size 1024K, 83 young (84992K), 8 survivors (8192K)
 Metaspace       used 40277K, capacity 41492K, committed 41856K, reserved 1085440K
  class space    used 5160K, capacity 5648K, committed 5760K, reserved 1048576K
}
Event: 4.759 GC heap after
{Heap after GC invocations=9 (full 0):
 garbage-first heap   total 155648K, used 17350K [0x0000000082e00000, 0x0000000100000000)
  region size 1024K, 7 young (7168K), 7 survivors (7168K)
 Metaspace       used 40277K, capacity 41492K, committed 41856K, reserved 1085440K
  class space    used 5160K, capacity 5648K, committed 5760K, reserved 1048576K
}
Event: 5.623 GC heap before
{Heap before GC invocations=9 (full 0):
 garbage-first heap   total 155648K, used 53190K [0x0000000082e00000, 0x0000000100000000)
  region size 1024K, 43 young (44032K), 7 survivors (7168K)
 Metaspace       used 47069K, capacity 48387K, committed 48512K, reserved 1101824K
  class space    used 6185K, capacity 6709K, committed 6784K, reserved 1048576K
}
Event: 5.635 GC heap after
{Heap after GC invocations=10 (full 0):
 garbage-first heap   total 155648K, used 18749K [0x0000000082e00000, 0x0000000100000000)
  region size 1024K, 6 young (6144K), 6 survivors (6144K)
 Metaspace       used 47069K, capacity 48387K, committed 48512K, reserved 1101824K
  class space    used 6185K, capacity 6709K, committed 6784K, reserved 1048576K
}

Deoptimization events (2 events):
Event: 3.038 Thread 0x00000154932b8800 DEOPT PACKING pc=0x0000015497de52e4 sp=0x000000086b8fdd00
Event: 3.038 Thread 0x00000154932b8800 DEOPT UNPACKING pc=0x0000015497398d4e sp=0x000000086b8fd268 mode 0

Classes redefined (0 events):
No events

Internal exceptions (20 events):
Event: 3.485 Thread 0x00000154932b8800 Exception <a 'java/lang/ClassNotFoundException'{0x000000008960eb18}: org/springframework/aop/framework/AopInfrastructureBeanCustomizer> (0x000000008960eb18) thrown at [c:/BuildAgent/work/5ff2f6c26000d570/src/hotspot/share/classfile/systemDictionary.cpp, l
Event: 3.513 Thread 0x00000154932b8800 Exception <a 'java/lang/ClassNotFoundException'{0x0000000089516c48}: java/lang/ObjectCustomizer> (0x0000000089516c48) thrown at [c:/BuildAgent/work/5ff2f6c26000d570/src/hotspot/share/classfile/systemDictionary.cpp, line 231]
Event: 3.514 Thread 0x00000154932b8800 Exception <a 'java/lang/ClassNotFoundException'{0x000000008952ac70}: org/springframework/transaction/annotation/AbstractTransactionManagementConfigurationCustomizer> (0x000000008952ac70) thrown at [c:/BuildAgent/work/5ff2f6c26000d570/src/hotspot/share/cla
Event: 3.515 Thread 0x00000154932b8800 Exception <a 'java/lang/ClassNotFoundException'{0x000000008953dea8}: org/springframework/transaction/annotation/ProxyTransactionManagementConfigurationCustomizer> (0x000000008953dea8) thrown at [c:/BuildAgent/work/5ff2f6c26000d570/src/hotspot/share/classf
Event: 3.516 Thread 0x00000154932b8800 Exception <a 'java/lang/ClassNotFoundException'{0x000000008954f438}: org/springframework/context/annotation/ImportAwareCustomizer> (0x000000008954f438) thrown at [c:/BuildAgent/work/5ff2f6c26000d570/src/hotspot/share/classfile/systemDictionary.cpp, line 2
Event: 3.517 Thread 0x00000154932b8800 Exception <a 'java/lang/ClassNotFoundException'{0x000000008955c7b0}: org/springframework/beans/factory/AwareCustomizer> (0x000000008955c7b0) thrown at [c:/BuildAgent/work/5ff2f6c26000d570/src/hotspot/share/classfile/systemDictionary.cpp, line 231]
Event: 3.589 Thread 0x00000154932b8800 Exception <a 'java/lang/NoSuchMethodError'{0x00000000892aaa40}: 'int java.lang.invoke.DirectMethodHandle$Holder.invokeSpecial(java.lang.Object, java.lang.Object, java.lang.Object, java.lang.Object, java.lang.Object)'> (0x00000000892aaa40) thrown at [c:/Bu
Event: 3.616 Thread 0x00000154aed3f800 Exception <a 'java/lang/reflect/InvocationTargetException'{0x000000008aa16400}> (0x000000008aa16400) thrown at [c:/BuildAgent/work/5ff2f6c26000d570/src/hotspot/share/runtime/reflection.cpp, line 1247]
Event: 3.645 Thread 0x00000154932b8800 Exception <a 'java/lang/NoSuchMethodError'{0x0000000088f7b408}: 'void java.lang.invoke.DirectMethodHandle$Holder.invokeInterface(java.lang.Object, java.lang.Object, int)'> (0x0000000088f7b408) thrown at [c:/BuildAgent/work/5ff2f6c26000d570/src/hotspot/sha
Event: 3.649 Thread 0x00000154932b8800 Exception <a 'java/lang/NoSuchMethodError'{0x0000000088fbf940}: 'void java.lang.invoke.DirectMethodHandle$Holder.invokeStatic(java.lang.Object, int, java.lang.Object)'> (0x0000000088fbf940) thrown at [c:/BuildAgent/work/5ff2f6c26000d570/src/hotspot/share/
Event: 3.652 Thread 0x00000154932b8800 Exception <a 'java/lang/NoSuchMethodError'{0x0000000088fe21a0}: 'int java.lang.invoke.DirectMethodHandle$Holder.invokeVirtual(java.lang.Object, java.lang.Object)'> (0x0000000088fe21a0) thrown at [c:/BuildAgent/work/5ff2f6c26000d570/src/hotspot/share/inter
Event: 3.653 Thread 0x00000154932b8800 Exception <a 'java/lang/NoSuchMethodError'{0x0000000088febc38}: 'int java.lang.invoke.DirectMethodHandle$Holder.invokeSpecialIFC(java.lang.Object, java.lang.Object, java.lang.Object, java.lang.Object)'> (0x0000000088febc38) thrown at [c:/BuildAgent/work/5
Event: 4.038 Thread 0x00000154932b8800 Exception <a 'java/io/FileNotFoundException'{0x0000000089b14d60}> (0x0000000089b14d60) thrown at [c:/BuildAgent/work/5ff2f6c26000d570/src/hotspot/share/prims/jni.cpp, line 615]
Event: 4.038 Thread 0x00000154932b8800 Exception <a 'java/io/FileNotFoundException'{0x0000000089b16468}> (0x0000000089b16468) thrown at [c:/BuildAgent/work/5ff2f6c26000d570/src/hotspot/share/prims/jni.cpp, line 615]
Event: 4.073 Thread 0x00000154932b8800 Exception <a 'java/lang/NoSuchMethodError'{0x00000000899233a8}: 'int java.lang.invoke.DirectMethodHandle$Holder.invokeInterface(java.lang.Object, java.lang.Object, java.lang.Object, java.lang.Object)'> (0x00000000899233a8) thrown at [c:/BuildAgent/work/5f
Event: 4.121 Thread 0x00000154932b8800 Exception <a 'java/io/FileNotFoundException'{0x00000000897f9148}> (0x00000000897f9148) thrown at [c:/BuildAgent/work/5ff2f6c26000d570/src/hotspot/share/prims/jni.cpp, line 615]
Event: 4.127 Thread 0x00000154aed3f800 Exception <a 'java/lang/reflect/InvocationTargetException'{0x000000008968b690}> (0x000000008968b690) thrown at [c:/BuildAgent/work/5ff2f6c26000d570/src/hotspot/share/runtime/reflection.cpp, line 1247]
Event: 4.637 Thread 0x00000154aed3f800 Exception <a 'java/lang/reflect/InvocationTargetException'{0x00000000881042b8}> (0x00000000881042b8) thrown at [c:/BuildAgent/work/5ff2f6c26000d570/src/hotspot/share/runtime/reflection.cpp, line 1247]
Event: 5.066 Thread 0x00000154932b8800 Exception <a 'java/lang/NoClassDefFoundError'{0x000000008bcf3850}: sun/reflect/Reflection> (0x000000008bcf3850) thrown at [c:/BuildAgent/work/5ff2f6c26000d570/src/hotspot/share/classfile/systemDictionary.cpp, line 220]
Event: 5.148 Thread 0x00000154aed3f800 Exception <a 'java/lang/reflect/InvocationTargetException'{0x000000008b709630}> (0x000000008b709630) thrown at [c:/BuildAgent/work/5ff2f6c26000d570/src/hotspot/share/runtime/reflection.cpp, line 1247]

Events (20 events):
Event: 5.616 loading class net/bytebuddy/dynamic/scaffold/subclass/SubclassDynamicTypeBuilder$InstrumentableMatcher done
Event: 5.616 loading class net/bytebuddy/description/method/MethodList$ForTokens
Event: 5.616 loading class net/bytebuddy/description/method/MethodList$ForTokens done
Event: 5.617 loading class net/bytebuddy/description/method/MethodDescription$Latent
Event: 5.617 loading class net/bytebuddy/description/method/MethodDescription$Latent done
Event: 5.618 loading class net/bytebuddy/description/method/ParameterList$ForTokens
Event: 5.618 loading class net/bytebuddy/description/method/ParameterList$ForTokens done
Event: 5.618 loading class java/util/AbstractList$SubList
Event: 5.618 loading class java/util/AbstractList$SubList done
Event: 5.619 loading class net/bytebuddy/description/method/ParameterDescription$Latent
Event: 5.619 loading class net/bytebuddy/description/method/ParameterDescription$Latent done
Event: 5.619 loading class net/bytebuddy/implementation/bytecode/StackSize
Event: 5.619 loading class net/bytebuddy/implementation/bytecode/StackSize done
Event: 5.620 loading class net/bytebuddy/description/type/TypeDescription$Generic$LazyProjection$ForLoadedReturnType
Event: 5.620 loading class net/bytebuddy/description/type/TypeDescription$Generic$LazyProjection$ForLoadedReturnType done
Event: 5.621 loading class net/bytebuddy/description/type/TypeDescription$Generic$LazyProjection$OfMethodParameter
Event: 5.621 loading class net/bytebuddy/description/type/TypeDescription$Generic$LazyProjection$OfMethodParameter done
Event: 5.622 loading class net/bytebuddy/description/annotation/AnnotationValue$ForConstant
Event: 5.622 loading class net/bytebuddy/description/annotation/AnnotationValue$ForConstant done
Event: 5.622 Executing VM operation: CollectForMetadataAllocation


Dynamic libraries:
0x00007ff681440000 - 0x00007ff68144a000 	C:\Program Files\JetBrains\IntelliJ IDEA 2019.3.3\jbr\bin\java.exe
0x00007ff82b1c0000 - 0x00007ff82b3b0000 	C:\Windows\SYSTEM32\ntdll.dll
0x00007ff8297c0000 - 0x00007ff829872000 	C:\Windows\System32\KERNEL32.DLL
0x00007ff828fc0000 - 0x00007ff829263000 	C:\Windows\System32\KERNELBASE.dll
0x00007ff828150000 - 0x00007ff82824a000 	C:\Windows\System32\ucrtbase.dll
0x00007ff808f80000 - 0x00007ff808f99000 	C:\Program Files\JetBrains\IntelliJ IDEA 2019.3.3\jbr\bin\jli.dll
0x00007ff8146e0000 - 0x00007ff8146f7000 	C:\Program Files\JetBrains\IntelliJ IDEA 2019.3.3\jbr\bin\VCRUNTIME140.dll
0x00007ff829620000 - 0x00007ff8297b4000 	C:\Windows\System32\USER32.dll
0x00007ff8286a0000 - 0x00007ff8286c1000 	C:\Windows\System32\win32u.dll
0x00007ff812850000 - 0x00007ff812ad5000 	C:\Windows\WinSxS\amd64_microsoft.windows.common-controls_6595b64144ccf1df_6.0.18362.778_none_e6c6b761130d4fb8\COMCTL32.dll
0x00007ff82a830000 - 0x00007ff82a856000 	C:\Windows\System32\GDI32.dll
0x00007ff829a50000 - 0x00007ff829aee000 	C:\Windows\System32\msvcrt.dll
0x00007ff828450000 - 0x00007ff8285e4000 	C:\Windows\System32\gdi32full.dll
0x00007ff82a080000 - 0x00007ff82a3b6000 	C:\Windows\System32\combase.dll
0x00007ff828750000 - 0x00007ff8287ee000 	C:\Windows\System32\msvcp_win.dll
0x00007ff82a500000 - 0x00007ff82a620000 	C:\Windows\System32\RPCRT4.dll
0x00007ff8286d0000 - 0x00007ff828750000 	C:\Windows\System32\bcryptPrimitives.dll
0x00007ff829880000 - 0x00007ff8298ae000 	C:\Windows\System32\IMM32.DLL
0x00007fffe4fa0000 - 0x00007fffe503d000 	C:\Program Files\JetBrains\IntelliJ IDEA 2019.3.3\jbr\bin\msvcp140.dll
0x00007fffd82d0000 - 0x00007fffd8d8d000 	C:\Program Files\JetBrains\IntelliJ IDEA 2019.3.3\jbr\bin\server\jvm.dll
0x00007ff829af0000 - 0x00007ff829b93000 	C:\Windows\System32\ADVAPI32.dll
0x00007ff829580000 - 0x00007ff829617000 	C:\Windows\System32\sechost.dll
0x00007ff829270000 - 0x00007ff829278000 	C:\Windows\System32\PSAPI.DLL
0x00007ff80c680000 - 0x00007ff80c689000 	C:\Windows\SYSTEM32\WSOCK32.dll
0x00007ff820980000 - 0x00007ff8209a4000 	C:\Windows\SYSTEM32\WINMM.dll
0x00007ff81ca00000 - 0x00007ff81ca0a000 	C:\Windows\SYSTEM32\VERSION.dll
0x00007ff82a9a0000 - 0x00007ff82aa0f000 	C:\Windows\System32\WS2_32.dll
0x00007ff8206f0000 - 0x00007ff82071d000 	C:\Windows\SYSTEM32\winmmbase.dll
0x00007ff8287f0000 - 0x00007ff82883a000 	C:\Windows\System32\cfgmgr32.dll
0x00007ff8280b0000 - 0x00007ff8280c1000 	C:\Windows\System32\kernel.appcore.dll
0x00007ff81fea0000 - 0x00007ff81feb1000 	C:\Program Files\JetBrains\IntelliJ IDEA 2019.3.3\jbr\bin\verify.dll
0x00007ff823120000 - 0x00007ff823314000 	C:\Windows\SYSTEM32\DBGHELP.DLL
0x00007ff810020000 - 0x00007ff81004a000 	C:\Windows\SYSTEM32\dbgcore.DLL
0x00007ff81fe70000 - 0x00007ff81fe99000 	C:\Program Files\JetBrains\IntelliJ IDEA 2019.3.3\jbr\bin\java.dll
0x00007ff81ff20000 - 0x00007ff81ff2f000 	C:\Program Files\JetBrains\IntelliJ IDEA 2019.3.3\jbr\bin\instrument.dll
0x00007ff81f6a0000 - 0x00007ff81f6b8000 	C:\Program Files\JetBrains\IntelliJ IDEA 2019.3.3\jbr\bin\zip.dll
0x00007ff81f690000 - 0x00007ff81f69b000 	C:\Program Files\JetBrains\IntelliJ IDEA 2019.3.3\jbr\bin\jimage.dll
0x00007ff82aa10000 - 0x00007ff82b0f5000 	C:\Windows\System32\SHELL32.dll
0x00007ff82a860000 - 0x00007ff82a909000 	C:\Windows\System32\shcore.dll
0x00007ff828840000 - 0x00007ff828fc0000 	C:\Windows\System32\windows.storage.dll
0x00007ff8280d0000 - 0x00007ff8280f3000 	C:\Windows\System32\profapi.dll
0x00007ff828100000 - 0x00007ff82814a000 	C:\Windows\System32\powrprof.dll
0x00007ff828080000 - 0x00007ff828090000 	C:\Windows\System32\UMPDC.dll
0x00007ff829520000 - 0x00007ff829572000 	C:\Windows\System32\shlwapi.dll
0x00007ff828400000 - 0x00007ff828417000 	C:\Windows\System32\cryptsp.dll
0x00007ff81f670000 - 0x00007ff81f68a000 	C:\Program Files\JetBrains\IntelliJ IDEA 2019.3.3\jbr\bin\net.dll
0x00007ff821580000 - 0x00007ff821670000 	C:\Windows\SYSTEM32\WINHTTP.dll
0x00007ff8278f0000 - 0x00007ff827957000 	C:\Windows\system32\mswsock.dll
0x00007ff81f650000 - 0x00007ff81f664000 	C:\Program Files\JetBrains\IntelliJ IDEA 2019.3.3\jbr\bin\nio.dll
0x00007ff81ff00000 - 0x00007ff81ff1a000 	C:\Program Files\JetBrains\IntelliJ IDEA 2019.3.3\bin\breakgen64.dll
0x00007ff827640000 - 0x00007ff82770a000 	C:\Windows\SYSTEM32\DNSAPI.dll
0x00007ff829ba0000 - 0x00007ff829ba8000 	C:\Windows\System32\NSI.dll
0x00007ff827600000 - 0x00007ff82763a000 	C:\Windows\SYSTEM32\IPHLPAPI.DLL
0x00007ff81df20000 - 0x00007ff81df2a000 	C:\Windows\System32\rasadhlp.dll
0x00007ff81c610000 - 0x00007ff81c687000 	C:\Windows\System32\fwpuclnt.dll
0x00007ff828420000 - 0x00007ff828446000 	C:\Windows\System32\bcrypt.dll
0x00007ff81f640000 - 0x00007ff81f64a000 	C:\Program Files\JetBrains\IntelliJ IDEA 2019.3.3\jbr\bin\management.dll
0x00007ff81f630000 - 0x00007ff81f63c000 	C:\Program Files\JetBrains\IntelliJ IDEA 2019.3.3\jbr\bin\management_ext.dll
0x00007ff827460000 - 0x00007ff827493000 	C:\Windows\system32\rsaenh.dll
0x00007ff827f70000 - 0x00007ff827f95000 	C:\Windows\SYSTEM32\USERENV.dll
0x00007ff827ac0000 - 0x00007ff827acc000 	C:\Windows\SYSTEM32\CRYPTBASE.dll
0x00007ff81e130000 - 0x00007ff81e146000 	C:\Windows\SYSTEM32\dhcpcsvc6.DLL
0x00007ff81df30000 - 0x00007ff81df4c000 	C:\Windows\SYSTEM32\dhcpcsvc.DLL
0x00007ff80a3f0000 - 0x00007ff80a406000 	C:\Windows\system32\napinsp.dll
0x00007ff80a3d0000 - 0x00007ff80a3ea000 	C:\Windows\system32\pnrpnsp.dll
0x00007ff80a320000 - 0x00007ff80a32e000 	C:\Windows\System32\winrnr.dll
0x00007ff820e10000 - 0x00007ff820e2c000 	C:\Windows\system32\NLAapi.dll
0x00007ff8218b0000 - 0x00007ff8218c5000 	C:\Windows\system32\wshbth.dll

dbghelp: loaded successfully - version: 4.0.5 - missing functions: none
symbol engine: initialized successfully - sym options: 0x614 - pdb path: .;C:\Program Files\JetBrains\IntelliJ IDEA 2019.3.3\jbr\bin;C:\Windows\SYSTEM32;C:\Windows\WinSxS\amd64_microsoft.windows.common-controls_6595b64144ccf1df_6.0.18362.778_none_e6c6b761130d4fb8;C:\Program Files\JetBrains\IntelliJ IDEA 2019.3.3\jbr\bin\server;C:\Program Files\JetBrains\IntelliJ IDEA 2019.3.3\bin

VM Arguments:
jvm_args: -XX:TieredStopAtLevel=1 -Xverify:none -Dspring.output.ansi.enabled=always -Dcom.sun.management.jmxremote -Dspring.jmx.enabled=true -Dspring.liveBeansView.mbeanDomain -Dspring.application.admin.enabled=true -javaagent:C:\Program Files\JetBrains\IntelliJ IDEA 2019.3.3\lib\idea_rt.jar=51283:C:\Program Files\JetBrains\IntelliJ IDEA 2019.3.3\bin -Dfile.encoding=UTF-8 
java_command: com.demosocket.manager.EliteDangerousFactionManagerApplication
java_class_path (initial): C:\Users\olexe\IdeaProjects\EliteDangerousFactionManager\build\classes\java\main;C:\Users\olexe\IdeaProjects\EliteDangerousFactionManager\build\resources\main;C:\Users\olexe\.gradle\caches\modules-2\files-2.1\org.springframework.boot\spring-boot-starter-data-jpa\2.2.6.RELEASE\e6bfecf4694867d815514799ea23a937c623f496\spring-boot-starter-data-jpa-2.2.6.RELEASE.jar;C:\Users\olexe\.gradle\caches\modules-2\files-2.1\org.springframework.boot\spring-boot-starter-security\2.2.6.RELEASE\27b75e738d353de4475df6751852bacf3832afec\spring-boot-starter-security-2.2.6.RELEASE.jar;C:\Users\olexe\.gradle\caches\modules-2\files-2.1\org.springframework.boot\spring-boot-starter-thymeleaf\2.2.6.RELEASE\4ea7956f653e37d12ee6d4bb14f14d6275223388\spring-boot-starter-thymeleaf-2.2.6.RELEASE.jar;C:\Users\olexe\.gradle\caches\modules-2\files-2.1\org.thymeleaf.extras\thymeleaf-extras-springsecurity5\3.0.4.RELEASE\88bb10bf73ce285208dd848e8eb17f897ebb02d4\thymeleaf-extras-springsecurity5-3.0.4.RELEASE.jar;C:\Users\olexe\.gradle\caches\modules-2\files-2.1\org.springframework.boot\spring-boot-starter-web\2.2.6.RELEASE\4f76853c40cd6c7a0214083b36cd8cfe7c5d7b48\spring-boot-starter-web-2.2.6.RELEASE.jar;C:\Users\olexe\.gradle\caches\modules-2\files-2.1\org.springframework.boot\spring-boot-starter-aop\2.2.6.RELEASE\fc76ce1ca3725c25355703de2ff1015d6b8c80b6\spring-boot-starter-aop-2.2.6.RELEASE.jar;C:\Users\olexe\.gradle\caches\modules-2\files-2.1\org.postgresql\postgresql\42.2.11\e9a90d880f0340784d61b1188227fde47c0a9116\postgresql-42.2.11.jar;C:\Users\olexe\.gradle\caches\modules-2\files-2.1\org.springframework.boot\spring-boot-starter-jdbc\2.2.6.RELEASE\ca8051a3df9eb7355728f1caf22891eec97b9b92\spring-boot-starter-jdbc-2.2.6.RELEASE.jar;C:\Users\olexe\.gradle\caches\modules-2\files-2.1\org.hibernate\hibernate-core\5.4.12.Final\7813daed21576920450443097d69823245d112d2\hibernate-core-5.4.12.Final.jar;C:\Users\olexe\.gradle\caches\modules-2\files-2.1\org.glassfish.jaxb\jaxb-runti
Launcher Type: SUN_STANDARD

[Global flags]
     bool BytecodeVerificationLocal                = false                                     {product} {command line}
     bool BytecodeVerificationRemote               = false                                     {product} {command line}
     intx CICompilerCount                          = 4                                         {product} {ergonomic}
     uint ConcGCThreads                            = 2                                         {product} {ergonomic}
     uint G1ConcRefinementThreads                  = 8                                         {product} {ergonomic}
   size_t G1HeapRegionSize                         = 1048576                                   {product} {ergonomic}
    uintx GCDrainStackTargetSize                   = 64                                        {product} {ergonomic}
   size_t InitialHeapSize                          = 132120576                                 {product} {ergonomic}
     bool ManagementServer                         = true                                      {product} {command line}
   size_t MarkStackSize                            = 4194304                                   {product} {ergonomic}
   size_t MaxHeapSize                              = 2099249152                                {product} {ergonomic}
   size_t MaxNewSize                               = 1259339776                                {product} {ergonomic}
   size_t MinHeapDeltaBytes                        = 1048576                                   {product} {ergonomic}
    uintx NonNMethodCodeHeapSize                   = 7549744                                {pd product} {ergonomic}
    uintx NonProfiledCodeHeapSize                  = 244108496                              {pd product} {ergonomic}
    uintx ProfiledCodeHeapSize                     = 0                                      {pd product} {ergonomic}
    uintx ReservedCodeCacheSize                    = 251658240                              {pd product} {ergonomic}
     bool SegmentedCodeCache                       = true                                      {product} {ergonomic}
     intx TieredStopAtLevel                        = 1                                         {product} {command line}
     bool UseCompressedClassPointers               = true                                 {lp64_product} {ergonomic}
     bool UseCompressedOops                        = true                                 {lp64_product} {ergonomic}
     bool UseG1GC                                  = true                                      {product} {ergonomic}
     bool UseLargePagesIndividualAllocation        = false                                  {pd product} {ergonomic}

Logging:
Log output configuration:
 #0: stdout all=warning uptime,level,tags
 #1: stderr all=off uptime,level,tags

Environment Variables:
JAVA_HOME=C:\Program Files\Java\jdk-13
CLASSPATH=C:\mysql-connector-java-5.1.48;C:\My doc
PATH=C:\Windows\system32;C:\Windows;C:\Windows\System32\Wbem;C:\Windows\System32\WindowsPowerShell\v1.0\;C:\Windows\System32\OpenSSH\;C:\Program Files\Intel\WiFi\bin\;C:\Program Files\Common Files\Intel\WirelessCommon\;C:\Program Files (x86)\NVIDIA Corporation\PhysX\Common;C:\Program Files\Java\jdk-13\bin;C:\Program Files\Git\cmd;C:\Program Files\MySQL\MySQL Server 8.0\bin
USERNAME=olexe
OS=Windows_NT
PROCESSOR_IDENTIFIER=Intel64 Family 6 Model 142 Stepping 12, GenuineIntel



---------------  S Y S T E M  ---------------

OS: Windows 10 , 64 bit Build 18362 (10.0.18362.778)

CPU:total 8 (initial active 8) (4 cores per cpu, 2 threads per core) family 6 model 142 stepping 12, cmov, cx8, fxsr, mmx, sse, sse2, sse3, ssse3, sse4.1, sse4.2, popcnt, avx, avx2, aes, clmul, erms, 3dnowpref, lzcnt, ht, tsc, tscinvbit, bmi1, bmi2, adx, fma

Memory: 4k page, system-wide physical 8006M (2159M free)
TotalPageFile size 8806M (AvailPageFile size 4M)
current process WorkingSet (physical memory assigned to process): 222M, peak: 222M
current process commit charge ("private bytes"): 299M, peak: 300M

vm_info: OpenJDK 64-Bit Server VM (11.0.6+8-b520.43) for windows-amd64 JRE (11.0.6+8-b520.43), built on Feb  3 2020 14:18:56 by "" with MS VC++ 14.0 (VS2015)

END.
